1571414499.657920 client started (9599): version 2.9a, socket /tmp/tmux-1000/default, protocol 8
1571414499.657938 on Linux 4.19.79-1-MANJARO #1 SMP PREEMPT Fri Oct 11 19:57:09 UTC 2019; libevent 2.1.11-stable (poll)
1571414499.657951 socket is /tmp/tmux-1000/default
1571414499.657959 trying connect
1571414499.657968 connect failed: Connection refused
1571414499.657974 lock file is /tmp/tmux-1000/default.lock
1571414499.657983 flock succeeded
1571414499.657986 got lock (6)
1571414499.657990 trying connect
1571414499.657994 connect failed: Connection refused
1571414499.658098 add peer 0x55f7d536a470: 7 ((nil))
1571414499.658173 sending message 100 to peer 0x55f7d536a470 (4 bytes)
1571414499.658178 sending message 101 to peer 0x55f7d536a470 (12 bytes)
1571414499.658180 sending message 102 to peer 0x55f7d536a470 (11 bytes)
1571414499.658183 sending message 108 to peer 0x55f7d536a470 (15 bytes)
1571414499.658201 sending message 104 to peer 0x55f7d536a470 (0 bytes)
1571414499.658205 sending message 107 to peer 0x55f7d536a470 (4 bytes)
1571414499.658207 sending message 105 to peer 0x55f7d536a470 (19 bytes)
1571414499.658210 sending message 105 to peer 0x55f7d536a470 (58 bytes)
1571414499.658213 sending message 105 to peer 0x55f7d536a470 (41 bytes)
1571414499.658215 sending message 105 to peer 0x55f7d536a470 (23 bytes)
1571414499.658218 sending message 105 to peer 0x55f7d536a470 (20 bytes)
1571414499.658221 sending message 105 to peer 0x55f7d536a470 (46 bytes)
1571414499.658223 sending message 105 to peer 0x55f7d536a470 (19 bytes)
1571414499.658226 sending message 105 to peer 0x55f7d536a470 (24 bytes)
1571414499.658228 sending message 105 to peer 0x55f7d536a470 (12 bytes)
1571414499.658231 sending message 105 to peer 0x55f7d536a470 (32 bytes)
1571414499.658233 sending message 105 to peer 0x55f7d536a470 (15 bytes)
1571414499.658241 sending message 105 to peer 0x55f7d536a470 (19 bytes)
1571414499.658243 sending message 105 to peer 0x55f7d536a470 (17 bytes)
1571414499.658246 sending message 105 to peer 0x55f7d536a470 (23 bytes)
1571414499.658248 sending message 105 to peer 0x55f7d536a470 (27 bytes)
1571414499.658265 sending message 105 to peer 0x55f7d536a470 (21 bytes)
1571414499.658268 sending message 105 to peer 0x55f7d536a470 (38 bytes)
1571414499.658270 sending message 105 to peer 0x55f7d536a470 (57 bytes)
1571414499.658273 sending message 105 to peer 0x55f7d536a470 (52 bytes)
1571414499.658275 sending message 105 to peer 0x55f7d536a470 (40 bytes)
1571414499.658277 sending message 105 to peer 0x55f7d536a470 (20 bytes)
1571414499.658280 sending message 105 to peer 0x55f7d536a470 (21 bytes)
1571414499.658282 sending message 105 to peer 0x55f7d536a470 (17 bytes)
1571414499.658284 sending message 105 to peer 0x55f7d536a470 (23 bytes)
1571414499.658287 sending message 105 to peer 0x55f7d536a470 (52 bytes)
1571414499.658289 sending message 105 to peer 0x55f7d536a470 (23 bytes)
1571414499.658292 sending message 105 to peer 0x55f7d536a470 (30 bytes)
1571414499.658294 sending message 105 to peer 0x55f7d536a470 (14 bytes)
1571414499.658296 sending message 105 to peer 0x55f7d536a470 (11 bytes)
1571414499.658299 sending message 105 to peer 0x55f7d536a470 (8 bytes)
1571414499.658303 sending message 105 to peer 0x55f7d536a470 (25 bytes)
1571414499.658305 sending message 105 to peer 0x55f7d536a470 (27 bytes)
1571414499.658308 sending message 105 to peer 0x55f7d536a470 (11 bytes)
1571414499.658310 sending message 105 to peer 0x55f7d536a470 (17 bytes)
1571414499.658312 sending message 105 to peer 0x55f7d536a470 (41 bytes)
1571414499.658315 sending message 105 to peer 0x55f7d536a470 (31 bytes)
1571414499.658317 sending message 105 to peer 0x55f7d536a470 (20 bytes)
1571414499.658319 sending message 105 to peer 0x55f7d536a470 (46 bytes)
1571414499.658322 sending message 105 to peer 0x55f7d536a470 (336 bytes)
1571414499.658324 sending message 105 to peer 0x55f7d536a470 (14 bytes)
1571414499.658327 sending message 105 to peer 0x55f7d536a470 (54 bytes)
1571414499.658329 sending message 105 to peer 0x55f7d536a470 (30 bytes)
1571414499.658332 sending message 105 to peer 0x55f7d536a470 (23 bytes)
1571414499.658345 sending message 105 to peer 0x55f7d536a470 (16 bytes)
1571414499.658348 sending message 105 to peer 0x55f7d536a470 (18 bytes)
1571414499.658351 sending message 105 to peer 0x55f7d536a470 (18 bytes)
1571414499.658354 sending message 105 to peer 0x55f7d536a470 (17 bytes)
1571414499.658356 sending message 105 to peer 0x55f7d536a470 (20 bytes)
1571414499.658359 sending message 105 to peer 0x55f7d536a470 (33 bytes)
1571414499.658361 sending message 105 to peer 0x55f7d536a470 (22 bytes)
1571414499.658364 sending message 105 to peer 0x55f7d536a470 (34 bytes)
1571414499.658366 sending message 105 to peer 0x55f7d536a470 (44 bytes)
1571414499.658369 sending message 105 to peer 0x55f7d536a470 (11 bytes)
1571414499.658371 sending message 105 to peer 0x55f7d536a470 (8 bytes)
1571414499.658374 sending message 105 to peer 0x55f7d536a470 (21 bytes)
1571414499.658376 sending message 105 to peer 0x55f7d536a470 (32 bytes)
1571414499.658379 sending message 105 to peer 0x55f7d536a470 (1506 bytes)
1571414499.658382 sending message 105 to peer 0x55f7d536a470 (30 bytes)
1571414499.658385 sending message 105 to peer 0x55f7d536a470 (92 bytes)
1571414499.658388 sending message 105 to peer 0x55f7d536a470 (25 bytes)
1571414499.658390 sending message 105 to peer 0x55f7d536a470 (14 bytes)
1571414499.658393 sending message 105 to peer 0x55f7d536a470 (29 bytes)
1571414499.658395 sending message 105 to peer 0x55f7d536a470 (12 bytes)
1571414499.658397 sending message 105 to peer 0x55f7d536a470 (16 bytes)
1571414499.658400 sending message 105 to peer 0x55f7d536a470 (28 bytes)
1571414499.658402 sending message 105 to peer 0x55f7d536a470 (16 bytes)
1571414499.658405 sending message 105 to peer 0x55f7d536a470 (55 bytes)
1571414499.658408 sending message 105 to peer 0x55f7d536a470 (93 bytes)
1571414499.658410 sending message 105 to peer 0x55f7d536a470 (101 bytes)
1571414499.658413 sending message 106 to peer 0x55f7d536a470 (0 bytes)
1571414499.658416 sending message 200 to peer 0x55f7d536a470 (4 bytes)
1571414499.658418 client loop enter
1571414501.928669 peer 0x55f7d536a470 message 207
1571414501.928714 sending message 208 to peer 0x55f7d536a470 (0 bytes)
1571414514.480399 sending message 208 to peer 0x55f7d536a470 (0 bytes)
1571414517.931608 client loop exit
